<?xml version="1.0" encoding="UTF-8"?>
<testsuite name="com.factstore.AttestationServiceTest" tests="5" skipped="0" failures="0" errors="0" timestamp="2026-03-10T21:23:37" hostname="runnervm0kj6c" time="0.167">
  <properties/>
  <testcase name="upload evidence updates attestation hash()" classname="com.factstore.AttestationServiceTest" time="0.033"/>
  <testcase name="record PASSED attestation succeeds()" classname="com.factstore.AttestationServiceTest" time="0.033"/>
  <testcase name="list attestations for trail()" classname="com.factstore.AttestationServiceTest" time="0.045"/>
  <testcase name="record FAILED attestation marks trail NON_COMPLIANT()" classname="com.factstore.AttestationServiceTest" time="0.035"/>
  <testcase name="record attestation for unknown trail throws NotFoundException()" classname="com.factstore.AttestationServiceTest" time="0.008"/>
  <system-out><![CDATA[2026-03-10T21:23:37.968Z  INFO 4415 --- [    Test worker] t.c.s.AnnotationConfigContextLoaderUtils : Could not detect default configuration classes for test class [com.factstore.AttestationServiceTest]: AttestationServiceTest does not declare any static, non-private, non-final, nested classes annotated with @Configuration.
2026-03-10T21:23:37.972Z  INFO 4415 --- [    Test worker] .b.t.c.SpringBootTestContextBootstrapper : Found @SpringBootConfiguration com.factstore.FactstoreApplication for test class com.factstore.AttestationServiceTest
2026-03-10T21:23:37.984Z  INFO 4415 --- [    Test worker] com.factstore.service.FlowService        : Created flow: a94daa9c-7780-40f7-88fd-45f7e0dfffa2 - flow-att-983615755150
2026-03-10T21:23:37.990Z  INFO 4415 --- [    Test worker] com.factstore.service.TrailService       : Created trail: 04c9c472-2299-4a89-8e9d-197c32e93554 for flow: a94daa9c-7780-40f7-88fd-45f7e0dfffa2
2026-03-10T21:23:37.996Z  INFO 4415 --- [    Test worker] c.factstore.service.AttestationService   : Recorded attestation: 2ef5071a-0836-442a-bc17-a7458e6dc7d0 type=junit status=PASSED
2026-03-10T21:23:38.004Z  INFO 4415 --- [    Test worker] c.f.service.EvidenceVaultService         : Stored evidence file: 1fb196c4-11fd-4546-b2f3-551ba4e40e41 sha256=d960609511962d52cd97168d8f128849f532f33b86da2e4804b1a8385630f689 size=21
2026-03-10T21:23:38.005Z  INFO 4415 --- [    Test worker] c.factstore.service.AttestationService   : Uploaded evidence for attestation: 2ef5071a-0836-442a-bc17-a7458e6dc7d0 hash=d960609511962d52cd97168d8f128849f532f33b86da2e4804b1a8385630f689
2026-03-10T21:23:38.021Z  INFO 4415 --- [    Test worker] com.factstore.service.FlowService        : Created flow: cf4a39ec-5ab6-4ec4-875d-c4ef1af9be53 - flow-att-983652464971
2026-03-10T21:23:38.026Z  INFO 4415 --- [    Test worker] com.factstore.service.TrailService       : Created trail: bdeb4fac-f340-42ae-8f10-f8888f597966 for flow: cf4a39ec-5ab6-4ec4-875d-c4ef1af9be53
2026-03-10T21:23:38.037Z  INFO 4415 --- [    Test worker] c.factstore.service.AttestationService   : Recorded attestation: c0d69d1c-e9ff-4098-b429-742bc1b831a3 type=junit status=PASSED
2026-03-10T21:23:38.060Z  INFO 4415 --- [    Test worker] com.factstore.service.FlowService        : Created flow: 1d71f51f-c2a3-4d00-94a8-1bcd4e82120e - flow-att-983690629010
2026-03-10T21:23:38.070Z  INFO 4415 --- [    Test worker] com.factstore.service.TrailService       : Created trail: f31d9c64-2635-442f-8ae2-a0df3b3949b6 for flow: 1d71f51f-c2a3-4d00-94a8-1bcd4e82120e
2026-03-10T21:23:38.076Z  INFO 4415 --- [    Test worker] c.factstore.service.AttestationService   : Recorded attestation: 4f095062-a93a-4e21-9021-e14d57faf241 type=junit status=PASSED
2026-03-10T21:23:38.080Z  INFO 4415 --- [    Test worker] c.factstore.service.AttestationService   : Recorded attestation: ab8596fa-14eb-4420-bfdb-4ec6afc3cc6f type=snyk status=PASSED
2026-03-10T21:23:38.106Z  INFO 4415 --- [    Test worker] com.factstore.service.FlowService        : Created flow: 27f1caf0-8f32-4fc0-bbcd-e8bc43ba01df - flow-att-983738763275
2026-03-10T21:23:38.114Z  INFO 4415 --- [    Test worker] com.factstore.service.TrailService       : Created trail: 9d11c349-d876-44be-83c6-d60a8d60874b for flow: 27f1caf0-8f32-4fc0-bbcd-e8bc43ba01df
2026-03-10T21:23:38.122Z  INFO 4415 --- [    Test worker] c.factstore.service.AttestationService   : Recorded attestation: c5b06a58-34dc-4e9b-bc12-9e003fb21a8d type=snyk status=FAILED
]]></system-out>
  <system-err><![CDATA[]]></system-err>
</testsuite>
